User belongs to experiment group 'ShowPlayIcon - start'
User belongs to experiment group 'ShowExtensionSurveyPrompt - control'
User belongs to experiment group 'LS - control'
Starting Jedi Python language engine.
> conda --version
> pyenv root
> python3.7 -c "import sys;print(sys.executable)"
> python3.6 -c "import sys;print(sys.executable)"
> python3 -c "import sys;print(sys.executable)"
> python2 -c "import sys;print(sys.executable)"
> python -c "import sys;print(sys.executable)"
> /usr/bin/python -c "import sys;print(sys.executable)"
> conda info --json
> conda info --json
> conda --version
> /usr/bin/python -c "import sys;print(sys.prefix)"
cwd: ~/Projects/blog-website-master
> /usr/bin/python -c "import sys;print(sys.prefix)"
cwd: ~/Projects/blog-website-master
> /usr/bin/python -c "import sys;print(sys.executable)"
cwd: ~/Projects/blog-website-master
> /usr/bin/python -c "import sys;print(sys.executable)"
cwd: ~/Projects/blog-website-master
> /usr/bin/python -c "from distutils.sysconfig import get_python_lib; print(get_python_lib())"
cwd: ~/Projects/blog-website-master
> /usr/bin/python -c "from distutils.sysconfig import get_python_lib; print(get_python_lib())"
cwd: ~/Projects/blog-website-master
> /usr/bin/python -m site --user-site
cwd: ~/Projects/blog-website-master
> /usr/bin/python -m site --user-site
cwd: ~/Projects/blog-website-master
> /usr/bin/python completion.py
cwd: ~/.vscode-oss/extensions/ms-python.python-2019.10.44104/pythonFiles
> /usr/bin/python completion.py
cwd: ~/.vscode-oss/extensions/ms-python.python-2019.10.44104/pythonFiles
> /usr/bin/python -c "import sys;print(sys.prefix)"
cwd: ~/Projects/HomePage
> /usr/bin/python -c "import sys;print(sys.prefix)"
cwd: ~/Projects/HomePage
> /usr/bin/python -c "import sys;print(sys.executable)"
cwd: ~/Projects/HomePage
> /usr/bin/python -c "import sys;print(sys.executable)"
cwd: ~/Projects/HomePage
> /usr/bin/python -c "from distutils.sysconfig import get_python_lib; print(get_python_lib())"
cwd: ~/Projects/HomePage
> /usr/bin/python -c "from distutils.sysconfig import get_python_lib; print(get_python_lib())"
cwd: ~/Projects/HomePage
> /usr/bin/python -m site --user-site
cwd: ~/Projects/HomePage
> /usr/bin/python -m site --user-site
cwd: ~/Projects/HomePage
> /usr/bin/python completion.py
cwd: ~/.vscode-oss/extensions/ms-python.python-2019.10.44104/pythonFiles
> /usr/bin/python completion.py
cwd: ~/.vscode-oss/extensions/ms-python.python-2019.10.44104/pythonFiles
> /usr/bin/python ~/.vscode-oss/extensions/ms-python.python-2019.10.44104/pythonFiles/interpreterInfo.py
> /usr/bin/python ~/.vscode-oss/extensions/ms-python.python-2019.10.44104/pythonFiles/interpreterInfo.py
