[2019-11-03 11:49:33.329] [renderer1] [error] Cannot read property 'parent' of undefined: TypeError: Cannot read property 'parent' of undefined
    at t.IndexTreeModel.getNodeLocation (file:///usr/lib/code/out/vs/workbench/workbench.desktop.main.js:130:9)
    at t.ObjectTreeModel.getParentNodeLocation (file:///usr/lib/code/out/vs/workbench/workbench.desktop.main.js:134:147)
    at e.forEach.e (file:///usr/lib/code/out/vs/workbench/workbench.desktop.main.js:1008:972)
    at Array.forEach (<anonymous>)
    at I._onDidChangeActiveNodes (file:///usr/lib/code/out/vs/workbench/workbench.desktop.main.js:1008:927)
    at I.onDidChangeNodeTwistieState (file:///usr/lib/code/out/vs/workbench/workbench.desktop.main.js:1007:610)
    at c.fire (file:///usr/lib/code/out/vs/workbench/workbench.desktop.main.js:116:539)
    at e (file:///usr/lib/code/out/vs/workbench/workbench.desktop.main.js:112:65)
    at c.fire (file:///usr/lib/code/out/vs/workbench/workbench.desktop.main.js:116:519)
    at n.push (file:///usr/lib/code/out/vs/workbench/workbench.desktop.main.js:118:697)
    at t.forEach.e (file:///usr/lib/code/out/vs/workbench/workbench.desktop.main.js:118:830)
    at Array.forEach (<anonymous>)
    at t.EventBufferer.bufferEvents (file:///usr/lib/code/out/vs/workbench/workbench.desktop.main.js:118:819)
    at t.IndexTreeModel.setCollapsed (file:///usr/lib/code/out/vs/workbench/workbench.desktop.main.js:125:281)
    at t.ObjectTreeModel.setCollapsed (file:///usr/lib/code/out/vs/workbench/workbench.desktop.main.js:133:672)
    at r.expand (file:///usr/lib/code/out/vs/workbench/workbench.desktop.main.js:1027:736)
    at Y.expand (file:///usr/lib/code/out/vs/workbench/workbench.desktop.main.js:1044:88)
    at Array.isArray.o.forEach.e (file:///usr/lib/code/out/vs/workbench/workbench.desktop.main.js:5770:143)
    at Array.forEach (<anonymous>)
    at a.tree.setInput.then (file:///usr/lib/code/out/vs/workbench/workbench.desktop.main.js:5770:122)
