[Running] python -u "/home/aquitard/Projects/HomePage/tests/test.py"
 * Serving Flask app "test" (lazy loading)
 * Environment: production
   WARNING: This is a development server. Do not use it in a production deployment.
   Use a production WSGI server instead.
 * Debug mode: off
 * Running on http://127.0.0.1:8000/ (Press CTRL+C to quit)
127.0.0.1 - - [15/Nov/2019 19:59:24] "GET / HTTP/1.1" 200 -
127.0.0.1 - - [15/Nov/2019 19:59:24] "GET /favicon.ico HTTP/1.1" 404 -

[Done] exited with code=null in 385.997 seconds

[Running] python -u "/home/aquitard/Projects/HomePage/tests/test.py"
Traceback (most recent call last):
  File "/home/aquitard/Projects/HomePage/tests/test.py", line 21, in <module>
    @app.route("/welcome/")
  File "/usr/lib/python3.7/site-packages/flask/app.py", line 1314, in decorator
    self.add_url_rule(rule, endpoint, f, **options)
  File "/usr/lib/python3.7/site-packages/flask/app.py", line 98, in wrapper_func
    return f(self, *args, **kwargs)
  File "/usr/lib/python3.7/site-packages/flask/app.py", line 1283, in add_url_rule
    "existing endpoint function: %s" % endpoint
AssertionError: View function mapping is overwriting an existing endpoint function: index

[Done] exited with code=1 in 0.371 seconds

[Running] python -u "/home/aquitard/Projects/HomePage/tests/test.py"
 * Serving Flask app "test" (lazy loading)
 * Environment: production
   WARNING: This is a development server. Do not use it in a production deployment.
   Use a production WSGI server instead.
 * Debug mode: on
 * Running on http://127.0.0.1:8000/ (Press CTRL+C to quit)
 * Restarting with stat
 * Debugger is active!
 * Debugger PIN: 122-908-539
127.0.0.1 - - [15/Nov/2019 20:06:14] "GET /welcome HTTP/1.1" 308 -
127.0.0.1 - - [15/Nov/2019 20:06:14] "GET /welcome/ HTTP/1.1" 200 -
 * Detected change in '/home/aquitard/Projects/HomePage/tests/test.py', reloading
 * Restarting with stat
 * Debugger is active!
 * Debugger PIN: 122-908-539

[Done] exited with code=0 in 39.224 seconds

[Running] python -u "/home/aquitard/Projects/HomePage/tests/test.py"
 * Serving Flask app "test" (lazy loading)
 * Environment: production
   WARNING: This is a development server. Do not use it in a production deployment.
   Use a production WSGI server instead.
 * Debug mode: on
 * Running on http://127.0.0.1:8000/ (Press CTRL+C to quit)
 * Restarting with stat
 * Debugger is active!
 * Debugger PIN: 122-908-539
127.0.0.1 - - [15/Nov/2019 20:06:43] "GET /welcome/ HTTP/1.1" 200 -
127.0.0.1 - - [15/Nov/2019 20:31:36] "GET /first HTTP/1.1" 308 -
127.0.0.1 - - [15/Nov/2019 20:31:36] "GET /first/ HTTP/1.1" 404 -
 * Detected change in '/home/aquitard/Projects/HomePage/tests/test.py', reloading
 * Restarting with stat
 * Debugger is active!
 * Debugger PIN: 122-908-539
 * Detected change in '/home/aquitard/Projects/HomePage/tests/test.py', reloading
 * Restarting with stat
 * Debugger is active!
 * Debugger PIN: 122-908-539

[Done] exited with code=0 in 1631.845 seconds

[Running] python -u "/home/aquitard/Projects/HomePage/tests/test.py"
 * Serving Flask app "test" (lazy loading)
 * Environment: production
   WARNING: This is a development server. Do not use it in a production deployment.
   Use a production WSGI server instead.
 * Debug mode: on
 * Running on http://127.0.0.1:8000/ (Press CTRL+C to quit)
 * Restarting with stat
 * Debugger is active!
 * Debugger PIN: 122-908-539
127.0.0.1 - - [15/Nov/2019 20:33:59] "GET /first/ HTTP/1.1" 404 -
127.0.0.1 - - [15/Nov/2019 20:34:03] "GET / HTTP/1.1" 200 -
127.0.0.1 - - [15/Nov/2019 20:34:06] "GET /first/ HTTP/1.1" 404 -
127.0.0.1 - - [15/Nov/2019 20:35:08] "GET /first/ HTTP/1.1" 404 -
127.0.0.1 - - [15/Nov/2019 20:35:17] "GET /posts/first/ HTTP/1.1" 404 -
127.0.0.1 - - [15/Nov/2019 20:35:40] "GET /first/ HTTP/1.1" 404 -

[Done] exited with code=0 in 137.13 seconds

[Running] python -u "/home/aquitard/Projects/HomePage/tests/test.py"
 * Serving Flask app "test" (lazy loading)
 * Environment: production
   WARNING: This is a development server. Do not use it in a production deployment.
   Use a production WSGI server instead.
 * Debug mode: on
 * Running on http://127.0.0.1:8000/ (Press CTRL+C to quit)
 * Restarting with stat
 * Debugger is active!
 * Debugger PIN: 122-908-539
127.0.0.1 - - [15/Nov/2019 20:36:28] "GET /first/ HTTP/1.1" 404 -
127.0.0.1 - - [15/Nov/2019 20:36:33] "GET / HTTP/1.1" 200 -
127.0.0.1 - - [15/Nov/2019 20:36:36] "GET /first/ HTTP/1.1" 404 -
 * Detected change in '/home/aquitard/Projects/HomePage/tests/test.py', reloading
 * Restarting with stat
 * Debugger is active!
 * Debugger PIN: 122-908-539
 * Detected change in '/home/aquitard/Projects/HomePage/tests/test.py', reloading
 * Restarting with stat
 * Debugger is active!
 * Debugger PIN: 122-908-539
 * Detected change in '/home/aquitard/Projects/HomePage/tests/test.py', reloading
 * Restarting with stat
 * Debugger is active!
 * Debugger PIN: 122-908-539

[Done] exited with code=0 in 108.051 seconds

[Running] python -u "/home/aquitard/Projects/HomePage/tests/test.py"
 * Serving Flask app "test" (lazy loading)
 * Environment: production
   WARNING: This is a development server. Do not use it in a production deployment.
   Use a production WSGI server instead.
 * Debug mode: on
 * Running on http://127.0.0.1:5000/ (Press CTRL+C to quit)
 * Restarting with stat
 * Debugger is active!
 * Debugger PIN: 122-908-539
127.0.0.1 - - [15/Nov/2019 20:38:16] "GET / HTTP/1.1" 200 -
 * Detected change in '/home/aquitard/Projects/HomePage/tests/test.py', reloading
 * Restarting with stat

[Done] exited with code=0 in 25.058 seconds

[Running] python -u "/home/aquitard/Projects/HomePage/tests/test.py"
 * Serving Flask app "test" (lazy loading)
 * Environment: production
   WARNING: This is a development server. Do not use it in a production deployment.
   Use a production WSGI server instead.
 * Debug mode: on
 * Running on http://127.0.0.1:5000/ (Press CTRL+C to quit)
 * Restarting with stat
 * Debugger is active!
 * Debugger PIN: 122-908-539
127.0.0.1 - - [15/Nov/2019 20:38:45] "GET / HTTP/1.1" 200 -
127.0.0.1 - - [15/Nov/2019 20:38:48] "GET /first HTTP/1.1" 404 -
127.0.0.1 - - [15/Nov/2019 20:38:50] "GET /first.html HTTP/1.1" 404 -
 * Detected change in '/home/aquitard/Projects/HomePage/tests/test.py', reloading
 * Restarting with stat
 * Debugger is active!
 * Debugger PIN: 122-908-539
 * Detected change in '/home/aquitard/Projects/HomePage/tests/test.py', reloading
 * Restarting with stat
 * Debugger is active!
 * Debugger PIN: 122-908-539
 * Detected change in '/home/aquitard/Projects/HomePage/tests/test.py', reloading
 * Restarting with stat
 * Debugger is active!
 * Debugger PIN: 122-908-539
 * Detected change in '/home/aquitard/Projects/HomePage/tests/test.py', reloading
 * Restarting with stat
 * Debugger is active!
 * Debugger PIN: 122-908-539
127.0.0.1 - - [15/Nov/2019 20:40:49] "GET / HTTP/1.1" 200 -
127.0.0.1 - - [15/Nov/2019 20:41:18] "GET / HTTP/1.1" 200 -

[Done] exited with code=0 in 641.082 seconds

