[2019-11-16 10:28:56.384] [exthost] [info] extension host started
[2019-11-16 10:28:56.964] [exthost] [info] ExtensionService#_doActivateExtension vscode.debug-auto-launch {"startup":true,"extensionId":{"value":"vscode.debug-auto-launch","_lower":"vscode.debug-auto-launch"},"activationEvent":"*"}
[2019-11-16 10:28:56.965] [exthost] [info] ExtensionService#loadCommonJSModule file:///usr/lib/code/extensions/debug-auto-launch/dist/extension
[2019-11-16 10:28:56.972] [exthost] [info] ExtensionService#_doActivateExtension vscode.emmet {"startup":true,"extensionId":{"value":"vscode.emmet","_lower":"vscode.emmet"},"activationEvent":"*"}
[2019-11-16 10:28:56.973] [exthost] [info] ExtensionService#loadCommonJSModule file:///usr/lib/code/extensions/emmet/dist/extension
[2019-11-16 10:28:57.064] [exthost] [info] ExtensionService#_doActivateExtension vscode.git {"startup":true,"extensionId":{"value":"vscode.git","_lower":"vscode.git"},"activationEvent":"*"}
[2019-11-16 10:28:57.066] [exthost] [info] ExtensionService#loadCommonJSModule file:///usr/lib/code/extensions/git/dist/main
[2019-11-16 10:28:57.229] [exthost] [info] ExtensionService#_doActivateExtension vscode.merge-conflict {"startup":true,"extensionId":{"value":"vscode.merge-conflict","_lower":"vscode.merge-conflict"},"activationEvent":"*"}
[2019-11-16 10:28:57.229] [exthost] [info] ExtensionService#loadCommonJSModule file:///usr/lib/code/extensions/merge-conflict/dist/extension
[2019-11-16 10:28:57.238] [exthost] [info] ExtensionService#_doActivateExtension ckolkman.vscode-postgres {"startup":true,"extensionId":{"value":"ckolkman.vscode-postgres","_lower":"ckolkman.vscode-postgres"},"activationEvent":"*"}
[2019-11-16 10:28:57.238] [exthost] [info] ExtensionService#loadCommonJSModule file:///home/aquitard/.vscode-oss/extensions/ckolkman.vscode-postgres-1.1.11/out/extension
[2019-11-16 10:28:57.734] [exthost] [info] eager extensions activated
[2019-11-16 10:57:58.851] [exthost] [info] ExtensionService#_doActivateExtension vscode.python {"startup":false,"extensionId":{"value":"vscode.python","_lower":"vscode.python"},"activationEvent":"onLanguage:python"}
[2019-11-16 10:57:58.852] [exthost] [info] ExtensionService#loadCommonJSModule file:///usr/lib/code/extensions/python/dist/pythonMain
[2019-11-16 10:57:58.854] [exthost] [info] ExtensionService#_doActivateExtension ms-python.python {"startup":false,"extensionId":{"value":"ms-python.python","_lower":"ms-python.python"},"activationEvent":"onLanguage:python"}
[2019-11-16 10:57:58.854] [exthost] [info] ExtensionService#loadCommonJSModule file:///home/aquitard/.vscode-oss/extensions/ms-python.python-2019.10.44104/out/client/extension
[2019-11-16 11:10:52.987] [exthost] [info] ExtensionService#_doActivateExtension vscode.html-language-features {"startup":false,"extensionId":{"value":"vscode.html-language-features","_lower":"vscode.html-language-features"},"activationEvent":"onLanguage:html"}
[2019-11-16 11:10:52.988] [exthost] [info] ExtensionService#loadCommonJSModule file:///usr/lib/code/extensions/html-language-features/client/dist/htmlMain
[2019-11-16 13:17:29.829] [exthost] [info] ExtensionService#_doActivateExtension vscode.extension-editing {"startup":false,"extensionId":{"value":"vscode.extension-editing","_lower":"vscode.extension-editing"},"activationEvent":"onLanguage:markdown"}
[2019-11-16 13:17:29.829] [exthost] [info] ExtensionService#loadCommonJSModule file:///usr/lib/code/extensions/extension-editing/dist/extension
[2019-11-16 13:17:29.838] [exthost] [info] ExtensionService#_doActivateExtension vscode.markdown-language-features {"startup":false,"extensionId":{"value":"vscode.markdown-language-features","_lower":"vscode.markdown-language-features"},"activationEvent":"onLanguage:markdown"}
[2019-11-16 13:17:29.838] [exthost] [info] ExtensionService#loadCommonJSModule file:///usr/lib/code/extensions/markdown-language-features/dist/extension
[2019-11-16 13:17:29.904] [exthost] [info] ExtensionService#_doActivateExtension yzhang.markdown-all-in-one {"startup":false,"extensionId":{"value":"yzhang.markdown-all-in-one","_lower":"yzhang.markdown-all-in-one"},"activationEvent":"onLanguage:markdown"}
[2019-11-16 13:17:29.904] [exthost] [info] ExtensionService#loadCommonJSModule file:///home/aquitard/.vscode-oss/extensions/yzhang.markdown-all-in-one-2.5.1/dist/extension
[2019-11-16 14:54:05.010] [exthost] [info] ExtensionService#_doActivateExtension vscode.configuration-editing {"startup":false,"extensionId":{"value":"vscode.configuration-editing","_lower":"vscode.configuration-editing"},"activationEvent":"onLanguage:json"}
[2019-11-16 14:54:05.010] [exthost] [info] ExtensionService#loadCommonJSModule file:///usr/lib/code/extensions/configuration-editing/dist/extension
[2019-11-16 14:54:05.013] [exthost] [info] ExtensionService#_doActivateExtension vscode.json-language-features {"startup":false,"extensionId":{"value":"vscode.json-language-features","_lower":"vscode.json-language-features"},"activationEvent":"onLanguage:json"}
[2019-11-16 14:54:05.013] [exthost] [info] ExtensionService#loadCommonJSModule file:///usr/lib/code/extensions/json-language-features/client/dist/jsonMain
[2019-11-16 14:54:05.044] [exthost] [info] ExtensionService#_doActivateExtension vscode.npm {"startup":false,"extensionId":{"value":"vscode.npm","_lower":"vscode.npm"},"activationEvent":"onLanguage:json"}
[2019-11-16 14:54:05.044] [exthost] [info] ExtensionService#loadCommonJSModule file:///usr/lib/code/extensions/npm/dist/main
[2019-11-16 14:54:16.967] [exthost] [info] ExtensionService#_doActivateExtension vscode.image-preview {"startup":false,"extensionId":{"value":"vscode.image-preview","_lower":"vscode.image-preview"},"activationEvent":"onWebviewEditor:imagePreview.previewEditor"}
[2019-11-16 14:54:16.967] [exthost] [info] ExtensionService#loadCommonJSModule file:///usr/lib/code/extensions/image-preview/dist/extension
[2019-11-16 14:54:54.524] [exthost] [info] ExtensionService#_doActivateExtension vscode.typescript-language-features {"startup":false,"extensionId":{"value":"vscode.typescript-language-features","_lower":"vscode.typescript-language-features"},"activationEvent":"onLanguage:javascript"}
[2019-11-16 14:54:54.524] [exthost] [info] ExtensionService#loadCommonJSModule file:///usr/lib/code/extensions/typescript-language-features/dist/extension
[2019-11-16 14:55:13.841] [exthost] [info] ExtensionService#_doActivateExtension vscode.css-language-features {"startup":false,"extensionId":{"value":"vscode.css-language-features","_lower":"vscode.css-language-features"},"activationEvent":"onLanguage:css"}
[2019-11-16 14:55:13.841] [exthost] [info] ExtensionService#loadCommonJSModule file:///usr/lib/code/extensions/css-language-features/client/dist/cssMain
[2019-11-16 15:08:14.473] [exthost] [info] ExtensionService#_doActivateExtension formulahendry.code-runner {"startup":false,"extensionId":{"value":"formulahendry.code-runner","_lower":"formulahendry.code-runner"},"activationEvent":"onCommand:code-runner.run"}
[2019-11-16 15:08:14.474] [exthost] [info] ExtensionService#loadCommonJSModule file:///home/aquitard/.vscode-oss/extensions/formulahendry.code-runner-0.9.14/out/src/extension
[2019-11-17 07:54:35.413] [exthost] [info] ExtensionService#_doActivateExtension streetsidesoftware.code-spell-checker {"startup":false,"extensionId":{"value":"streetsidesoftware.code-spell-checker","_lower":"streetsidesoftware.code-spell-checker"},"activationEvent":"*"}
[2019-11-17 07:54:35.413] [exthost] [info] ExtensionService#loadCommonJSModule file:///home/aquitard/.vscode-oss/extensions/streetsidesoftware.code-spell-checker-1.7.20/dist/extension
