[2019-12-14 10:21:12.318] [exthost] [info] extension host started
[2019-12-14 10:21:12.369] [exthost] [info] ExtensionService#_doActivateExtension vscode.extension-editing {"startup":false,"extensionId":{"value":"vscode.extension-editing","_lower":"vscode.extension-editing"},"activationEvent":"onLanguage:markdown"}
[2019-12-14 10:21:12.369] [exthost] [info] ExtensionService#loadCommonJSModule file:///usr/lib/code/extensions/extension-editing/dist/extension
[2019-12-14 10:21:12.382] [exthost] [info] ExtensionService#_doActivateExtension vscode.markdown-language-features {"startup":false,"extensionId":{"value":"vscode.markdown-language-features","_lower":"vscode.markdown-language-features"},"activationEvent":"onLanguage:markdown"}
[2019-12-14 10:21:12.382] [exthost] [info] ExtensionService#loadCommonJSModule file:///usr/lib/code/extensions/markdown-language-features/dist/extension
[2019-12-14 10:21:12.420] [exthost] [info] ExtensionService#_doActivateExtension yzhang.markdown-all-in-one {"startup":false,"extensionId":{"value":"yzhang.markdown-all-in-one","_lower":"yzhang.markdown-all-in-one"},"activationEvent":"onLanguage:markdown"}
[2019-12-14 10:21:12.420] [exthost] [info] ExtensionService#loadCommonJSModule file:///home/aquitard/.vscode-oss/extensions/yzhang.markdown-all-in-one-2.5.1/dist/extension
[2019-12-14 10:21:12.467] [exthost] [info] ExtensionService#_doActivateExtension vscode.debug-auto-launch {"startup":true,"extensionId":{"value":"vscode.debug-auto-launch","_lower":"vscode.debug-auto-launch"},"activationEvent":"*"}
[2019-12-14 10:21:12.467] [exthost] [info] ExtensionService#loadCommonJSModule file:///usr/lib/code/extensions/debug-auto-launch/dist/extension
[2019-12-14 10:21:12.470] [exthost] [info] ExtensionService#_doActivateExtension vscode.emmet {"startup":true,"extensionId":{"value":"vscode.emmet","_lower":"vscode.emmet"},"activationEvent":"*"}
[2019-12-14 10:21:12.470] [exthost] [info] ExtensionService#loadCommonJSModule file:///usr/lib/code/extensions/emmet/dist/extension
[2019-12-14 10:21:12.492] [exthost] [info] ExtensionService#_doActivateExtension vscode.git {"startup":true,"extensionId":{"value":"vscode.git","_lower":"vscode.git"},"activationEvent":"*"}
[2019-12-14 10:21:12.492] [exthost] [info] ExtensionService#loadCommonJSModule file:///usr/lib/code/extensions/git/dist/main
[2019-12-14 10:21:12.548] [exthost] [info] ExtensionService#_doActivateExtension vscode.merge-conflict {"startup":true,"extensionId":{"value":"vscode.merge-conflict","_lower":"vscode.merge-conflict"},"activationEvent":"*"}
[2019-12-14 10:21:12.548] [exthost] [info] ExtensionService#loadCommonJSModule file:///usr/lib/code/extensions/merge-conflict/dist/extension
[2019-12-14 10:21:12.553] [exthost] [info] ExtensionService#_doActivateExtension ckolkman.vscode-postgres {"startup":true,"extensionId":{"value":"ckolkman.vscode-postgres","_lower":"ckolkman.vscode-postgres"},"activationEvent":"*"}
[2019-12-14 10:21:12.553] [exthost] [info] ExtensionService#loadCommonJSModule file:///home/aquitard/.vscode-oss/extensions/ckolkman.vscode-postgres-1.1.11/out/extension
[2019-12-14 10:21:12.762] [exthost] [info] ExtensionService#_doActivateExtension streetsidesoftware.code-spell-checker {"startup":true,"extensionId":{"value":"streetsidesoftware.code-spell-checker","_lower":"streetsidesoftware.code-spell-checker"},"activationEvent":"*"}
[2019-12-14 10:21:12.762] [exthost] [info] ExtensionService#loadCommonJSModule file:///home/aquitard/.vscode-oss/extensions/streetsidesoftware.code-spell-checker-1.7.20/dist/extension
[2019-12-14 10:21:12.785] [exthost] [info] ExtensionService#_doActivateExtension ms-vscode.cpptools {"startup":true,"extensionId":{"value":"vsciot-vscode.vscode-arduino","_lower":"vsciot-vscode.vscode-arduino"},"activationEvent":"*"}
[2019-12-14 10:21:12.785] [exthost] [info] ExtensionService#loadCommonJSModule file:///home/aquitard/.vscode-oss/extensions/ms-vscode.cpptools-0.26.2/dist/main
[2019-12-14 10:21:13.142] [exthost] [info] eager extensions activated
[2019-12-14 10:21:13.364] [exthost] [info] ExtensionService#_doActivateExtension vsciot-vscode.vscode-arduino {"startup":true,"extensionId":{"value":"vsciot-vscode.vscode-arduino","_lower":"vsciot-vscode.vscode-arduino"},"activationEvent":"*"}
[2019-12-14 10:21:13.364] [exthost] [info] ExtensionService#loadCommonJSModule file:///home/aquitard/.vscode-oss/extensions/vsciot-vscode.vscode-arduino-0.2.28/out/src/extension
