[2019-11-15 19:58:18.332] [exthost] [info] extension host started
[2019-11-15 19:58:18.362] [exthost] [info] ExtensionService#_doActivateExtension vscode.debug-auto-launch {"startup":true,"extensionId":{"value":"vscode.debug-auto-launch","_lower":"vscode.debug-auto-launch"},"activationEvent":"*"}
[2019-11-15 19:58:18.362] [exthost] [info] ExtensionService#loadCommonJSModule file:///usr/lib/code/extensions/debug-auto-launch/dist/extension
[2019-11-15 19:58:18.367] [exthost] [info] ExtensionService#_doActivateExtension vscode.emmet {"startup":true,"extensionId":{"value":"vscode.emmet","_lower":"vscode.emmet"},"activationEvent":"*"}
[2019-11-15 19:58:18.367] [exthost] [info] ExtensionService#loadCommonJSModule file:///usr/lib/code/extensions/emmet/dist/extension
[2019-11-15 19:58:18.404] [exthost] [info] ExtensionService#_doActivateExtension vscode.git {"startup":true,"extensionId":{"value":"vscode.git","_lower":"vscode.git"},"activationEvent":"*"}
[2019-11-15 19:58:18.404] [exthost] [info] ExtensionService#loadCommonJSModule file:///usr/lib/code/extensions/git/dist/main
[2019-11-15 19:58:18.450] [exthost] [info] ExtensionService#_doActivateExtension vscode.merge-conflict {"startup":true,"extensionId":{"value":"vscode.merge-conflict","_lower":"vscode.merge-conflict"},"activationEvent":"*"}
[2019-11-15 19:58:18.450] [exthost] [info] ExtensionService#loadCommonJSModule file:///usr/lib/code/extensions/merge-conflict/dist/extension
[2019-11-15 19:58:18.454] [exthost] [info] ExtensionService#_doActivateExtension ckolkman.vscode-postgres {"startup":true,"extensionId":{"value":"ckolkman.vscode-postgres","_lower":"ckolkman.vscode-postgres"},"activationEvent":"*"}
[2019-11-15 19:58:18.454] [exthost] [info] ExtensionService#loadCommonJSModule file:///home/aquitard/.vscode-oss/extensions/ckolkman.vscode-postgres-1.1.11/out/extension
[2019-11-15 19:58:18.579] [exthost] [info] eager extensions activated
[2019-11-15 19:58:22.506] [exthost] [info] ExtensionService#_doActivateExtension vscode.python {"startup":false,"extensionId":{"value":"vscode.python","_lower":"vscode.python"},"activationEvent":"onLanguage:python"}
[2019-11-15 19:58:22.506] [exthost] [info] ExtensionService#loadCommonJSModule file:///usr/lib/code/extensions/python/dist/pythonMain
[2019-11-15 19:58:22.512] [exthost] [info] ExtensionService#_doActivateExtension ms-python.python {"startup":false,"extensionId":{"value":"ms-python.python","_lower":"ms-python.python"},"activationEvent":"onLanguage:python"}
[2019-11-15 19:58:22.512] [exthost] [info] ExtensionService#loadCommonJSModule file:///home/aquitard/.vscode-oss/extensions/ms-python.python-2019.10.44104/out/client/extension
[2019-11-15 19:58:56.589] [exthost] [info] ExtensionService#_doActivateExtension formulahendry.code-runner {"startup":false,"extensionId":{"value":"formulahendry.code-runner","_lower":"formulahendry.code-runner"},"activationEvent":"onCommand:code-runner.run"}
[2019-11-15 19:58:56.589] [exthost] [info] ExtensionService#loadCommonJSModule file:///home/aquitard/.vscode-oss/extensions/formulahendry.code-runner-0.9.14/out/src/extension
[2019-11-15 20:02:34.026] [exthost] [info] ExtensionService#_doActivateExtension vscode.extension-editing {"startup":false,"extensionId":{"value":"vscode.extension-editing","_lower":"vscode.extension-editing"},"activationEvent":"onLanguage:markdown"}
[2019-11-15 20:02:34.026] [exthost] [info] ExtensionService#loadCommonJSModule file:///usr/lib/code/extensions/extension-editing/dist/extension
[2019-11-15 20:02:34.032] [exthost] [info] ExtensionService#_doActivateExtension vscode.markdown-language-features {"startup":false,"extensionId":{"value":"vscode.markdown-language-features","_lower":"vscode.markdown-language-features"},"activationEvent":"onLanguage:markdown"}
[2019-11-15 20:02:34.032] [exthost] [info] ExtensionService#loadCommonJSModule file:///usr/lib/code/extensions/markdown-language-features/dist/extension
[2019-11-15 20:02:34.048] [exthost] [info] ExtensionService#_doActivateExtension yzhang.markdown-all-in-one {"startup":false,"extensionId":{"value":"yzhang.markdown-all-in-one","_lower":"yzhang.markdown-all-in-one"},"activationEvent":"onLanguage:markdown"}
[2019-11-15 20:02:34.048] [exthost] [info] ExtensionService#loadCommonJSModule file:///home/aquitard/.vscode-oss/extensions/yzhang.markdown-all-in-one-2.5.1/dist/extension
[2019-11-15 20:05:03.581] [exthost] [info] ExtensionService#_doActivateExtension vscode.html-language-features {"startup":false,"extensionId":{"value":"vscode.html-language-features","_lower":"vscode.html-language-features"},"activationEvent":"onLanguage:html"}
[2019-11-15 20:05:03.581] [exthost] [info] ExtensionService#loadCommonJSModule file:///usr/lib/code/extensions/html-language-features/client/dist/htmlMain
[2019-11-15 20:49:20.668] [exthost] [info] ExtensionService#_doActivateExtension vscode.configuration-editing {"startup":false,"extensionId":{"value":"vscode.configuration-editing","_lower":"vscode.configuration-editing"},"activationEvent":"onLanguage:json"}
[2019-11-15 20:49:20.668] [exthost] [info] ExtensionService#loadCommonJSModule file:///usr/lib/code/extensions/configuration-editing/dist/extension
[2019-11-15 20:49:20.676] [exthost] [info] ExtensionService#_doActivateExtension vscode.json-language-features {"startup":false,"extensionId":{"value":"vscode.json-language-features","_lower":"vscode.json-language-features"},"activationEvent":"onLanguage:json"}
[2019-11-15 20:49:20.676] [exthost] [info] ExtensionService#loadCommonJSModule file:///usr/lib/code/extensions/json-language-features/client/dist/jsonMain
[2019-11-15 20:49:20.705] [exthost] [info] ExtensionService#_doActivateExtension vscode.npm {"startup":false,"extensionId":{"value":"vscode.npm","_lower":"vscode.npm"},"activationEvent":"onLanguage:json"}
[2019-11-15 20:49:20.705] [exthost] [info] ExtensionService#loadCommonJSModule file:///usr/lib/code/extensions/npm/dist/main
[2019-11-15 20:49:21.811] [exthost] [info] extension host started
[2019-11-15 20:49:21.862] [exthost] [info] ExtensionService#_doActivateExtension vscode.python {"startup":false,"extensionId":{"value":"vscode.python","_lower":"vscode.python"},"activationEvent":"onLanguage:python"}
[2019-11-15 20:49:21.862] [exthost] [info] ExtensionService#loadCommonJSModule file:///usr/lib/code/extensions/python/dist/pythonMain
[2019-11-15 20:49:21.870] [exthost] [info] ExtensionService#_doActivateExtension ms-python.python {"startup":false,"extensionId":{"value":"ms-python.python","_lower":"ms-python.python"},"activationEvent":"onLanguage:python"}
[2019-11-15 20:49:21.871] [exthost] [info] ExtensionService#loadCommonJSModule file:///home/aquitard/.vscode-oss/extensions/ms-python.python-2019.10.44104/out/client/extension
[2019-11-15 20:49:22.199] [exthost] [info] ExtensionService#_doActivateExtension formulahendry.code-runner {"startup":false,"extensionId":{"value":"formulahendry.code-runner","_lower":"formulahendry.code-runner"},"activationEvent":"onCommand:code-runner.run"}
[2019-11-15 20:49:22.199] [exthost] [info] ExtensionService#loadCommonJSModule file:///home/aquitard/.vscode-oss/extensions/formulahendry.code-runner-0.9.14/out/src/extension
[2019-11-15 20:49:22.248] [exthost] [info] ExtensionService#_doActivateExtension vscode.debug-auto-launch {"startup":false,"extensionId":{"value":"vscode.debug-auto-launch","_lower":"vscode.debug-auto-launch"},"activationEvent":"*"}
[2019-11-15 20:49:22.248] [exthost] [info] ExtensionService#loadCommonJSModule file:///usr/lib/code/extensions/debug-auto-launch/dist/extension
[2019-11-15 20:49:22.251] [exthost] [info] ExtensionService#_doActivateExtension vscode.emmet {"startup":false,"extensionId":{"value":"vscode.emmet","_lower":"vscode.emmet"},"activationEvent":"*"}
[2019-11-15 20:49:22.251] [exthost] [info] ExtensionService#loadCommonJSModule file:///usr/lib/code/extensions/emmet/dist/extension
[2019-11-15 20:49:22.277] [exthost] [info] ExtensionService#_doActivateExtension vscode.git {"startup":false,"extensionId":{"value":"vscode.git","_lower":"vscode.git"},"activationEvent":"*"}
[2019-11-15 20:49:22.277] [exthost] [info] ExtensionService#loadCommonJSModule file:///usr/lib/code/extensions/git/dist/main
[2019-11-15 20:49:22.319] [exthost] [info] ExtensionService#_doActivateExtension vscode.merge-conflict {"startup":false,"extensionId":{"value":"vscode.merge-conflict","_lower":"vscode.merge-conflict"},"activationEvent":"*"}
[2019-11-15 20:49:22.319] [exthost] [info] ExtensionService#loadCommonJSModule file:///usr/lib/code/extensions/merge-conflict/dist/extension
[2019-11-15 20:49:22.322] [exthost] [info] ExtensionService#_doActivateExtension ckolkman.vscode-postgres {"startup":false,"extensionId":{"value":"ckolkman.vscode-postgres","_lower":"ckolkman.vscode-postgres"},"activationEvent":"*"}
[2019-11-15 20:49:22.322] [exthost] [info] ExtensionService#loadCommonJSModule file:///home/aquitard/.vscode-oss/extensions/ckolkman.vscode-postgres-1.1.11/out/extension
[2019-11-15 20:49:22.381] [exthost] [info] ExtensionService#_doActivateExtension vscode.extension-editing {"startup":false,"extensionId":{"value":"vscode.extension-editing","_lower":"vscode.extension-editing"},"activationEvent":"onLanguage:markdown"}
[2019-11-15 20:49:22.381] [exthost] [info] ExtensionService#loadCommonJSModule file:///usr/lib/code/extensions/extension-editing/dist/extension
[2019-11-15 20:49:22.385] [exthost] [info] ExtensionService#_doActivateExtension vscode.markdown-language-features {"startup":false,"extensionId":{"value":"vscode.markdown-language-features","_lower":"vscode.markdown-language-features"},"activationEvent":"onLanguage:markdown"}
[2019-11-15 20:49:22.385] [exthost] [info] ExtensionService#loadCommonJSModule file:///usr/lib/code/extensions/markdown-language-features/dist/extension
[2019-11-15 20:49:22.403] [exthost] [info] ExtensionService#_doActivateExtension yzhang.markdown-all-in-one {"startup":false,"extensionId":{"value":"yzhang.markdown-all-in-one","_lower":"yzhang.markdown-all-in-one"},"activationEvent":"onLanguage:markdown"}
[2019-11-15 20:49:22.403] [exthost] [info] ExtensionService#loadCommonJSModule file:///home/aquitard/.vscode-oss/extensions/yzhang.markdown-all-in-one-2.5.1/dist/extension
[2019-11-15 20:49:22.413] [exthost] [info] ExtensionService#_doActivateExtension vscode.html-language-features {"startup":false,"extensionId":{"value":"vscode.html-language-features","_lower":"vscode.html-language-features"},"activationEvent":"onLanguage:html"}
[2019-11-15 20:49:22.413] [exthost] [info] ExtensionService#loadCommonJSModule file:///usr/lib/code/extensions/html-language-features/client/dist/htmlMain
[2019-11-15 20:49:22.425] [exthost] [info] ExtensionService#_doActivateExtension vscode.configuration-editing {"startup":false,"extensionId":{"value":"vscode.configuration-editing","_lower":"vscode.configuration-editing"},"activationEvent":"onLanguage:json"}
[2019-11-15 20:49:22.425] [exthost] [info] ExtensionService#loadCommonJSModule file:///usr/lib/code/extensions/configuration-editing/dist/extension
[2019-11-15 20:49:22.429] [exthost] [info] ExtensionService#_doActivateExtension vscode.json-language-features {"startup":false,"extensionId":{"value":"vscode.json-language-features","_lower":"vscode.json-language-features"},"activationEvent":"onLanguage:json"}
[2019-11-15 20:49:22.429] [exthost] [info] ExtensionService#loadCommonJSModule file:///usr/lib/code/extensions/json-language-features/client/dist/jsonMain
[2019-11-15 20:49:22.452] [exthost] [info] ExtensionService#_doActivateExtension vscode.npm {"startup":false,"extensionId":{"value":"vscode.npm","_lower":"vscode.npm"},"activationEvent":"onLanguage:json"}
[2019-11-15 20:49:22.452] [exthost] [info] ExtensionService#loadCommonJSModule file:///usr/lib/code/extensions/npm/dist/main
[2019-11-15 20:49:22.610] [exthost] [info] eager extensions activated
